0 info it worked if it ends with ok
1 verbose cli [ 'node', '/usr/local/bin/npm', 'install', 'drone-browser' ]
2 info using npm@1.4.3
3 info using node@v0.10.26
4 warn package.json jsfeat@0.0.4 No repository field.
5 verbose readDependencies using package.json deps
6 verbose cache add [ 'drone-browser', null ]
7 verbose cache add name=undefined spec="drone-browser" args=["drone-browser",null]
8 verbose parsed url { protocol: null,
8 verbose parsed url   slashes: null,
8 verbose parsed url   auth: null,
8 verbose parsed url   host: null,
8 verbose parsed url   port: null,
8 verbose parsed url   hostname: null,
8 verbose parsed url   hash: null,
8 verbose parsed url   search: null,
8 verbose parsed url   query: null,
8 verbose parsed url   pathname: 'drone-browser',
8 verbose parsed url   path: 'drone-browser',
8 verbose parsed url   href: 'drone-browser' }
9 silly lockFile 2a71b643-drone-browser drone-browser
10 verbose lock drone-browser /Users/jackurbanek/.npm/2a71b643-drone-browser.lock
11 silly lockFile 2a71b643-drone-browser drone-browser
12 silly lockFile 2a71b643-drone-browser drone-browser
13 verbose addNamed [ 'drone-browser', '' ]
14 verbose addNamed [ null, '*' ]
15 silly lockFile f6ea8b88-drone-browser drone-browser@
16 verbose lock drone-browser@ /Users/jackurbanek/.npm/f6ea8b88-drone-browser.lock
17 silly addNameRange { name: 'drone-browser', range: '*', hasData: false }
18 verbose url raw drone-browser
19 verbose url resolving [ 'https://registry.npmjs.org/', './drone-browser' ]
20 verbose url resolved https://registry.npmjs.org/drone-browser
21 info trying registry request attempt 1 at 18:06:23
22 http GET https://registry.npmjs.org/drone-browser
23 http 404 https://registry.npmjs.org/drone-browser
24 silly registry.get cb [ 404,
24 silly registry.get   { date: 'Sat, 19 Apr 2014 22:06:23 GMT',
24 silly registry.get     server: 'CouchDB/1.5.0 (Erlang OTP/R16B)',
24 silly registry.get     'content-type': 'application/json',
24 silly registry.get     via: '1.1 varnish',
24 silly registry.get     'cache-control': 'max-age=0',
24 silly registry.get     'content-length': '52',
24 silly registry.get     'accept-ranges': 'bytes',
24 silly registry.get     age: '0',
24 silly registry.get     'x-served-by': 'cache-v41-ASH, cache-jfk1024-JFK',
24 silly registry.get     'x-cache': 'MISS, MISS',
24 silly registry.get     'x-cache-hits': '0, 0',
24 silly registry.get     'x-timer': 'S1397945183.811371565,VS0,VS2,VE131,VE135',
24 silly registry.get     'keep-alive': 'timeout=10, max=50',
24 silly registry.get     connection: 'Keep-Alive' } ]
25 silly lockFile f6ea8b88-drone-browser drone-browser@
26 silly lockFile f6ea8b88-drone-browser drone-browser@
27 error 404 'drone-browser' is not in the npm registry.
27 error 404 You should bug the author to publish it
27 error 404 It was specified as a dependency of 'Remote-Patrol'
27 error 404
27 error 404 Note that you can also install from a
27 error 404 tarball, folder, or http url, or git url.
28 error System Darwin 13.1.0
29 error command "node" "/usr/local/bin/npm" "install" "drone-browser"
30 error cwd /Users/jackurbanek/remote-patrol
31 error node -v v0.10.26
32 error npm -v 1.4.3
33 error code E404
34 verbose exit [ 1, true ]
